<?xml version="1.0" encoding="UTF-8"?>
<!-- Generated by org.testng.reporters.JUnitReportReporter -->
<testsuite skipped="0" hostname="saurabhverma02" name="com.crm.qa.testcases.LandingPageTest" tests="3" failures="0" timestamp="28 Sep 2019 10:33:55 GMT" time="16.767" errors="0">
  <testcase name="clickLoginLinkTest" time="3.676" classname="com.crm.qa.testcases.LandingPageTest"/>
  <testcase name="loginTest" time="6.349" classname="com.crm.qa.testcases.LandingPageTest"/>
  <testcase name="clickaddMovieLinkTest" time="6.742" classname="com.crm.qa.testcases.LandingPageTest"/>
</testsuite> <!-- com.crm.qa.testcases.LandingPageTest -->
